<?xml version="1.0" encoding="UTF-8"?>
<!-- Generated by org.testng.reporters.JUnitReportReporter -->
<testsuite hostname="Anands-Air.lan" failures="0" tests="6" name="com.qa.saucedemo.testrunner.TestRunner" time="18.508" errors="0" timestamp="2025-02-25T12:39:27 IST" skipped="0">
  <testcase classname="com.qa.saucedemo.testrunner.TestRunner" name="runScenario" time="1.489"/>
  <system-out/>
  <testcase classname="com.qa.saucedemo.testrunner.TestRunner" name="runScenario" time="3.286"/>
  <system-out/>
  <testcase classname="com.qa.saucedemo.testrunner.TestRunner" name="runScenario" time="5.886"/>
  <system-out/>
  <testcase classname="com.qa.saucedemo.testrunner.TestRunner" name="runScenario" time="3.428"/>
  <system-out/>
  <testcase classname="com.qa.saucedemo.testrunner.TestRunner" name="runScenario" time="2.842"/>
  <system-out/>
  <testcase classname="com.qa.saucedemo.testrunner.TestRunner" name="runScenario" time="1.577"/>
  <system-out/>
</testsuite> <!-- com.qa.saucedemo.testrunner.TestRunner -->
